2024-06-02 20:50:25.512 | INFO     | __main__:<module>:348 - Loading validator config ... 
2024-06-02 20:50:25.513 | INFO     | __main__:<module>:360 - Connecting to Main network ... 
2024-06-02 20:51:05.417 | INFO     | __main__:<module>:348 - Loading validator config ... 
2024-06-02 20:51:05.417 | INFO     | __main__:<module>:360 - Connecting to Main network ... 
2024-06-02 20:52:33.859 | INFO     | prompt_datasets.cc_100:__init__:39 - Loading dataset for ar
2024-06-02 20:52:45.331 | INFO     | prompt_datasets.cc_100:__init__:44 - Loaded ar (100000 records)
2024-06-02 20:52:46.998 | INFO     | prompt_datasets.cc_100:__init__:39 - Loading dataset for de
2024-06-02 20:55:07.686 | INFO     | __main__:<module>:348 - Loading validator config ... 
2024-06-02 20:55:07.687 | INFO     | __main__:<module>:360 - Connecting to Main network ... 
2024-06-02 20:55:23.067 | INFO     | prompt_datasets.cc_100:__init__:39 - Loading dataset for ar
2024-06-02 20:55:33.905 | INFO     | prompt_datasets.cc_100:__init__:44 - Loaded ar (100000 records)
2024-06-02 20:55:35.265 | INFO     | prompt_datasets.cc_100:__init__:39 - Loading dataset for de
2024-06-02 20:55:45.345 | INFO     | prompt_datasets.cc_100:__init__:44 - Loaded de (100000 records)
2024-06-02 20:55:46.672 | INFO     | prompt_datasets.cc_100:__init__:39 - Loading dataset for en
2024-06-02 20:55:55.003 | INFO     | prompt_datasets.cc_100:__init__:44 - Loaded en (100000 records)
2024-06-02 20:55:56.513 | INFO     | prompt_datasets.cc_100:__init__:39 - Loading dataset for es
2024-06-02 20:56:05.998 | INFO     | prompt_datasets.cc_100:__init__:44 - Loaded es (100000 records)
2024-06-02 20:56:07.320 | INFO     | prompt_datasets.cc_100:__init__:39 - Loading dataset for fa
2024-06-02 20:56:19.676 | INFO     | prompt_datasets.cc_100:__init__:44 - Loaded fa (100000 records)
2024-06-02 20:56:21.444 | INFO     | prompt_datasets.cc_100:__init__:39 - Loading dataset for fr
2024-06-02 20:56:30.591 | INFO     | prompt_datasets.cc_100:__init__:44 - Loaded fr (100000 records)
2024-06-02 20:56:32.161 | INFO     | prompt_datasets.cc_100:__init__:39 - Loading dataset for hi
2024-06-02 20:56:43.968 | INFO     | prompt_datasets.cc_100:__init__:44 - Loaded hi (100000 records)
2024-06-02 20:56:45.290 | INFO     | prompt_datasets.cc_100:__init__:39 - Loading dataset for he
